20-Jul-2020 23:30:13.514 資訊 [main] org.apache.catalina.startup.VersionLoggerListener.log Server version name:   Apache Tomcat/9.0.22
20-Jul-2020 23:30:13.518 資訊 [main] org.apache.catalina.startup.VersionLoggerListener.log Server built:          Jul 4 2019 14:20:06 UTC
20-Jul-2020 23:30:13.520 資訊 [main] org.apache.catalina.startup.VersionLoggerListener.log Server version number: 9.0.22.0
20-Jul-2020 23:30:13.520 資訊 [main] org.apache.catalina.startup.VersionLoggerListener.log OS Name:               Windows 10
20-Jul-2020 23:30:13.520 資訊 [main] org.apache.catalina.startup.VersionLoggerListener.log OS Version:            10.0
20-Jul-2020 23:30:13.520 資訊 [main] org.apache.catalina.startup.VersionLoggerListener.log Architecture:          amd64
20-Jul-2020 23:30:13.520 資訊 [main] org.apache.catalina.startup.VersionLoggerListener.log Java Home:             C:\Program Files\Java\jdk1.8.0_211\jre
20-Jul-2020 23:30:13.520 資訊 [main] org.apache.catalina.startup.VersionLoggerListener.log JVM Version:           1.8.0_211-b12
20-Jul-2020 23:30:13.520 資訊 [main] org.apache.catalina.startup.VersionLoggerListener.log JVM Vendor:            Oracle Corporation
20-Jul-2020 23:30:13.521 資訊 [main] org.apache.catalina.startup.VersionLoggerListener.log CATALINA_BASE:         D:\GitHub\Eat_Every_Day\apache-tomcat-9.0.22
20-Jul-2020 23:30:13.521 資訊 [main] org.apache.catalina.startup.VersionLoggerListener.log CATALINA_HOME:         D:\GitHub\Eat_Every_Day\apache-tomcat-9.0.22
20-Jul-2020 23:30:13.521 資訊 [main] org.apache.catalina.startup.VersionLoggerListener.log Command line argument: -Djava.util.logging.config.file=D:\GitHub\Eat_Every_Day\apache-tomcat-9.0.22\conf\logging.properties
20-Jul-2020 23:30:13.521 資訊 [main] org.apache.catalina.startup.VersionLoggerListener.log Command line argument: -Djava.util.logging.manager=org.apache.juli.ClassLoaderLogManager
20-Jul-2020 23:30:13.522 資訊 [main] org.apache.catalina.startup.VersionLoggerListener.log Command line argument: -Djdk.tls.ephemeralDHKeySize=2048
20-Jul-2020 23:30:13.522 資訊 [main] org.apache.catalina.startup.VersionLoggerListener.log Command line argument: -Djava.protocol.handler.pkgs=org.apache.catalina.webresources
20-Jul-2020 23:30:13.522 資訊 [main] org.apache.catalina.startup.VersionLoggerListener.log Command line argument: -Dignore.endorsed.dirs=
20-Jul-2020 23:30:13.522 資訊 [main] org.apache.catalina.startup.VersionLoggerListener.log Command line argument: -Dcatalina.base=D:\GitHub\Eat_Every_Day\apache-tomcat-9.0.22
20-Jul-2020 23:30:13.523 資訊 [main] org.apache.catalina.startup.VersionLoggerListener.log Command line argument: -Dcatalina.home=D:\GitHub\Eat_Every_Day\apache-tomcat-9.0.22
20-Jul-2020 23:30:13.523 資訊 [main] org.apache.catalina.startup.VersionLoggerListener.log Command line argument: -Djava.io.tmpdir=D:\GitHub\Eat_Every_Day\apache-tomcat-9.0.22\temp
20-Jul-2020 23:30:13.524 資訊 [main] org.apache.catalina.core.AprLifecycleListener.lifecycleEvent The APR based Apache Tomcat Native library which allows optimal performance in production environments was not found on the java.library.path: [C:\Program Files\Java\jdk1.8.0_211\bin;C:\WINDOWS\Sun\Java\bin;C:\WINDOWS\system32;C:\WINDOWS;C:\Program Files\NVIDIA GPU Computing Toolkit\CUDA\v9.2\bin;C:\Program Files\NVIDIA GPU Computing Toolkit\CUDA\v9.2\libnvvp;C:\WINDOWS\system32;C:\WINDOWS;C:\WINDOWS\System32\Wbem;C:\WINDOWS\System32\WindowsPowerShell\v1.0\;C:\WINDOWS\System32\OpenSSH\;C:\Users\Bryan\.dnx\bin;C:\Program Files\Microsoft DNX\Dnvm\;C:\Program Files (x86)\Windows Kits\8.1\Windows Performance Toolkit\;C:\Program Files\Microsoft SQL Server\130\Tools\Binn\;C:\Program Files\Git\cmd;C:\Program Files (x86)\NVIDIA Corporation\PhysX\Common;C:\cudnn-9.2-windows10-x64-v7.2.1.38\cuda\bin;D:\dev\CGAL-4.11_build\bin;D:\Downloads\Tesseract-OCR;C:\Program Files\NVIDIA Corporation\NVIDIA NvDLISR;C:\Program Files\Java\jdk1.8.0_211\bin;C:\Program Files\Git LFS;C:\WINDOWS\system32;C:\WINDOWS;C:\WINDOWS\System32\Wbem;C:\WINDOWS\System32\WindowsPowerShell\v1.0\;C:\WINDOWS\System32\OpenSSH\;D:\Software\node-v12.14.0-win-x86;C:\Program Files\JetBrains\IntelliJ IDEA Community Edition 2019.3.1\plugins\maven\lib\maven3\bin;C:\HashiCorp\Vagrant\bin;C:\Program Files\MySQL\MySQL Shell 8.0\bin\;C:\Users\Bryan\AppData\Local\Programs\Microsoft VS Code\bin;C:\Users\Bryan\AppData\Local\GitHubDesktop\bin;.]
20-Jul-2020 23:30:13.818 資訊 [main] org.apache.coyote.AbstractProtocol.init Initializing ProtocolHandler ["http-nio-8080"]
20-Jul-2020 23:30:13.969 資訊 [main] org.apache.coyote.AbstractProtocol.init Initializing ProtocolHandler ["ajp-nio-8011"]
20-Jul-2020 23:30:13.973 資訊 [main] org.apache.catalina.startup.Catalina.load Server initialization in [735] milliseconds
20-Jul-2020 23:30:14.011 資訊 [main] org.apache.catalina.core.StandardService.startInternal Starting service [Catalina]
20-Jul-2020 23:30:14.012 資訊 [main] org.apache.catalina.core.StandardEngine.startInternal Starting Servlet engine: [Apache Tomcat/9.0.22]
20-Jul-2020 23:30:14.030 資訊 [main] org.apache.catalina.startup.HostConfig.deployDirectory Deploying web application directory [D:\GitHub\Eat_Every_Day\apache-tomcat-9.0.22\webapps\docs]
20-Jul-2020 23:30:14.296 資訊 [main] org.apache.catalina.startup.HostConfig.deployDirectory Deployment of web application directory [D:\GitHub\Eat_Every_Day\apache-tomcat-9.0.22\webapps\docs] has finished in [266] ms
20-Jul-2020 23:30:14.297 資訊 [main] org.apache.catalina.startup.HostConfig.deployDirectory Deploying web application directory [D:\GitHub\Eat_Every_Day\apache-tomcat-9.0.22\webapps\examples]
20-Jul-2020 23:30:14.756 資訊 [main] org.apache.catalina.startup.HostConfig.deployDirectory Deployment of web application directory [D:\GitHub\Eat_Every_Day\apache-tomcat-9.0.22\webapps\examples] has finished in [459] ms
20-Jul-2020 23:30:14.756 資訊 [main] org.apache.catalina.startup.HostConfig.deployDirectory Deploying web application directory [D:\GitHub\Eat_Every_Day\apache-tomcat-9.0.22\webapps\foodie-shop]
20-Jul-2020 23:30:14.774 資訊 [main] org.apache.catalina.startup.HostConfig.deployDirectory Deployment of web application directory [D:\GitHub\Eat_Every_Day\apache-tomcat-9.0.22\webapps\foodie-shop] has finished in [17] ms
20-Jul-2020 23:30:14.774 資訊 [main] org.apache.catalina.startup.HostConfig.deployDirectory Deploying web application directory [D:\GitHub\Eat_Every_Day\apache-tomcat-9.0.22\webapps\host-manager]
20-Jul-2020 23:30:14.811 資訊 [main] org.apache.catalina.startup.HostConfig.deployDirectory Deployment of web application directory [D:\GitHub\Eat_Every_Day\apache-tomcat-9.0.22\webapps\host-manager] has finished in [37] ms
20-Jul-2020 23:30:14.812 資訊 [main] org.apache.catalina.startup.HostConfig.deployDirectory Deploying web application directory [D:\GitHub\Eat_Every_Day\apache-tomcat-9.0.22\webapps\manager]
20-Jul-2020 23:30:14.832 資訊 [main] org.apache.catalina.startup.HostConfig.deployDirectory Deployment of web application directory [D:\GitHub\Eat_Every_Day\apache-tomcat-9.0.22\webapps\manager] has finished in [20] ms
20-Jul-2020 23:30:14.832 資訊 [main] org.apache.catalina.startup.HostConfig.deployDirectory Deploying web application directory [D:\GitHub\Eat_Every_Day\apache-tomcat-9.0.22\webapps\ROOT]
20-Jul-2020 23:30:14.856 資訊 [main] org.apache.catalina.startup.HostConfig.deployDirectory Deployment of web application directory [D:\GitHub\Eat_Every_Day\apache-tomcat-9.0.22\webapps\ROOT] has finished in [24] ms
20-Jul-2020 23:30:14.859 資訊 [main] org.apache.coyote.AbstractProtocol.start Starting ProtocolHandler ["http-nio-8080"]
20-Jul-2020 23:30:14.868 資訊 [main] org.apache.coyote.AbstractProtocol.start Starting ProtocolHandler ["ajp-nio-8011"]
20-Jul-2020 23:30:14.870 資訊 [main] org.apache.catalina.startup.Catalina.start Server startup in [896] milliseconds
20-Jul-2020 23:31:41.587 資訊 [main] org.apache.catalina.startup.VersionLoggerListener.log Server version name:   Apache Tomcat/9.0.22
20-Jul-2020 23:31:41.590 資訊 [main] org.apache.catalina.startup.VersionLoggerListener.log Server built:          Jul 4 2019 14:20:06 UTC
20-Jul-2020 23:31:41.591 資訊 [main] org.apache.catalina.startup.VersionLoggerListener.log Server version number: 9.0.22.0
20-Jul-2020 23:31:41.591 資訊 [main] org.apache.catalina.startup.VersionLoggerListener.log OS Name:               Windows 10
20-Jul-2020 23:31:41.591 資訊 [main] org.apache.catalina.startup.VersionLoggerListener.log OS Version:            10.0
20-Jul-2020 23:31:41.591 資訊 [main] org.apache.catalina.startup.VersionLoggerListener.log Architecture:          amd64
20-Jul-2020 23:31:41.591 資訊 [main] org.apache.catalina.startup.VersionLoggerListener.log Java Home:             C:\Program Files\Java\jdk1.8.0_211\jre
20-Jul-2020 23:31:41.592 資訊 [main] org.apache.catalina.startup.VersionLoggerListener.log JVM Version:           1.8.0_211-b12
20-Jul-2020 23:31:41.592 資訊 [main] org.apache.catalina.startup.VersionLoggerListener.log JVM Vendor:            Oracle Corporation
20-Jul-2020 23:31:41.592 資訊 [main] org.apache.catalina.startup.VersionLoggerListener.log CATALINA_BASE:         D:\GitHub\Eat_Every_Day\apache-tomcat-9.0.22
20-Jul-2020 23:31:41.592 資訊 [main] org.apache.catalina.startup.VersionLoggerListener.log CATALINA_HOME:         D:\GitHub\Eat_Every_Day\apache-tomcat-9.0.22
20-Jul-2020 23:31:41.592 資訊 [main] org.apache.catalina.startup.VersionLoggerListener.log Command line argument: -Djava.util.logging.config.file=D:\GitHub\Eat_Every_Day\apache-tomcat-9.0.22\conf\logging.properties
20-Jul-2020 23:31:41.593 資訊 [main] org.apache.catalina.startup.VersionLoggerListener.log Command line argument: -Djava.util.logging.manager=org.apache.juli.ClassLoaderLogManager
20-Jul-2020 23:31:41.593 資訊 [main] org.apache.catalina.startup.VersionLoggerListener.log Command line argument: -Djdk.tls.ephemeralDHKeySize=2048
20-Jul-2020 23:31:41.593 資訊 [main] org.apache.catalina.startup.VersionLoggerListener.log Command line argument: -Djava.protocol.handler.pkgs=org.apache.catalina.webresources
20-Jul-2020 23:31:41.593 資訊 [main] org.apache.catalina.startup.VersionLoggerListener.log Command line argument: -Dignore.endorsed.dirs=
20-Jul-2020 23:31:41.593 資訊 [main] org.apache.catalina.startup.VersionLoggerListener.log Command line argument: -Dcatalina.base=D:\GitHub\Eat_Every_Day\apache-tomcat-9.0.22
20-Jul-2020 23:31:41.596 資訊 [main] org.apache.catalina.startup.VersionLoggerListener.log Command line argument: -Dcatalina.home=D:\GitHub\Eat_Every_Day\apache-tomcat-9.0.22
20-Jul-2020 23:31:41.597 資訊 [main] org.apache.catalina.startup.VersionLoggerListener.log Command line argument: -Djava.io.tmpdir=D:\GitHub\Eat_Every_Day\apache-tomcat-9.0.22\temp
20-Jul-2020 23:31:41.597 資訊 [main] org.apache.catalina.core.AprLifecycleListener.lifecycleEvent The APR based Apache Tomcat Native library which allows optimal performance in production environments was not found on the java.library.path: [C:\Program Files\Java\jdk1.8.0_211\bin;C:\WINDOWS\Sun\Java\bin;C:\WINDOWS\system32;C:\WINDOWS;C:\Program Files\NVIDIA GPU Computing Toolkit\CUDA\v9.2\bin;C:\Program Files\NVIDIA GPU Computing Toolkit\CUDA\v9.2\libnvvp;C:\WINDOWS\system32;C:\WINDOWS;C:\WINDOWS\System32\Wbem;C:\WINDOWS\System32\WindowsPowerShell\v1.0\;C:\WINDOWS\System32\OpenSSH\;C:\Users\Bryan\.dnx\bin;C:\Program Files\Microsoft DNX\Dnvm\;C:\Program Files (x86)\Windows Kits\8.1\Windows Performance Toolkit\;C:\Program Files\Microsoft SQL Server\130\Tools\Binn\;C:\Program Files\Git\cmd;C:\Program Files (x86)\NVIDIA Corporation\PhysX\Common;C:\cudnn-9.2-windows10-x64-v7.2.1.38\cuda\bin;D:\dev\CGAL-4.11_build\bin;D:\Downloads\Tesseract-OCR;C:\Program Files\NVIDIA Corporation\NVIDIA NvDLISR;C:\Program Files\Java\jdk1.8.0_211\bin;C:\Program Files\Git LFS;C:\WINDOWS\system32;C:\WINDOWS;C:\WINDOWS\System32\Wbem;C:\WINDOWS\System32\WindowsPowerShell\v1.0\;C:\WINDOWS\System32\OpenSSH\;D:\Software\node-v12.14.0-win-x86;C:\Program Files\JetBrains\IntelliJ IDEA Community Edition 2019.3.1\plugins\maven\lib\maven3\bin;C:\HashiCorp\Vagrant\bin;C:\Program Files\MySQL\MySQL Shell 8.0\bin\;C:\Users\Bryan\AppData\Local\Programs\Microsoft VS Code\bin;C:\Users\Bryan\AppData\Local\GitHubDesktop\bin;.]
20-Jul-2020 23:31:41.844 資訊 [main] org.apache.coyote.AbstractProtocol.init Initializing ProtocolHandler ["http-nio-8080"]
20-Jul-2020 23:31:42.008 資訊 [main] org.apache.coyote.AbstractProtocol.init Initializing ProtocolHandler ["ajp-nio-8011"]
20-Jul-2020 23:31:42.011 資訊 [main] org.apache.catalina.startup.Catalina.load Server initialization in [613] milliseconds
20-Jul-2020 23:31:42.038 資訊 [main] org.apache.catalina.core.StandardService.startInternal Starting service [Catalina]
20-Jul-2020 23:31:42.038 資訊 [main] org.apache.catalina.core.StandardEngine.startInternal Starting Servlet engine: [Apache Tomcat/9.0.22]
20-Jul-2020 23:31:42.046 資訊 [main] org.apache.catalina.startup.HostConfig.deployDirectory Deploying web application directory [D:\GitHub\Eat_Every_Day\apache-tomcat-9.0.22\webapps\docs]
20-Jul-2020 23:31:42.274 資訊 [main] org.apache.catalina.startup.HostConfig.deployDirectory Deployment of web application directory [D:\GitHub\Eat_Every_Day\apache-tomcat-9.0.22\webapps\docs] has finished in [228] ms
20-Jul-2020 23:31:42.275 資訊 [main] org.apache.catalina.startup.HostConfig.deployDirectory Deploying web application directory [D:\GitHub\Eat_Every_Day\apache-tomcat-9.0.22\webapps\examples]
20-Jul-2020 23:31:42.546 資訊 [main] org.apache.catalina.startup.HostConfig.deployDirectory Deployment of web application directory [D:\GitHub\Eat_Every_Day\apache-tomcat-9.0.22\webapps\examples] has finished in [272] ms
20-Jul-2020 23:31:42.546 資訊 [main] org.apache.catalina.startup.HostConfig.deployDirectory Deploying web application directory [D:\GitHub\Eat_Every_Day\apache-tomcat-9.0.22\webapps\foodie-shop]
20-Jul-2020 23:31:42.565 資訊 [main] org.apache.catalina.startup.HostConfig.deployDirectory Deployment of web application directory [D:\GitHub\Eat_Every_Day\apache-tomcat-9.0.22\webapps\foodie-shop] has finished in [19] ms
20-Jul-2020 23:31:42.565 資訊 [main] org.apache.catalina.startup.HostConfig.deployDirectory Deploying web application directory [D:\GitHub\Eat_Every_Day\apache-tomcat-9.0.22\webapps\host-manager]
20-Jul-2020 23:31:42.588 資訊 [main] org.apache.catalina.startup.HostConfig.deployDirectory Deployment of web application directory [D:\GitHub\Eat_Every_Day\apache-tomcat-9.0.22\webapps\host-manager] has finished in [23] ms
20-Jul-2020 23:31:42.589 資訊 [main] org.apache.catalina.startup.HostConfig.deployDirectory Deploying web application directory [D:\GitHub\Eat_Every_Day\apache-tomcat-9.0.22\webapps\manager]
20-Jul-2020 23:31:42.608 資訊 [main] org.apache.catalina.startup.HostConfig.deployDirectory Deployment of web application directory [D:\GitHub\Eat_Every_Day\apache-tomcat-9.0.22\webapps\manager] has finished in [20] ms
20-Jul-2020 23:31:42.608 資訊 [main] org.apache.catalina.startup.HostConfig.deployDirectory Deploying web application directory [D:\GitHub\Eat_Every_Day\apache-tomcat-9.0.22\webapps\ROOT]
20-Jul-2020 23:31:42.625 資訊 [main] org.apache.catalina.startup.HostConfig.deployDirectory Deployment of web application directory [D:\GitHub\Eat_Every_Day\apache-tomcat-9.0.22\webapps\ROOT] has finished in [17] ms
20-Jul-2020 23:31:42.628 資訊 [main] org.apache.coyote.AbstractProtocol.start Starting ProtocolHandler ["http-nio-8080"]
20-Jul-2020 23:31:42.637 資訊 [main] org.apache.coyote.AbstractProtocol.start Starting ProtocolHandler ["ajp-nio-8011"]
20-Jul-2020 23:31:42.640 資訊 [main] org.apache.catalina.startup.Catalina.start Server startup in [628] milliseconds
20-Jul-2020 23:41:12.619 嚴重 [main] org.apache.catalina.startup.Catalina.stopServer Could not contact [localhost:8005] (base port [8005] and offset [0]). Tomcat may not be running.
20-Jul-2020 23:41:12.630 嚴重 [main] org.apache.catalina.startup.Catalina.stopServer Error stopping Catalina
	java.net.ConnectException: Connection refused: connect
		at java.net.DualStackPlainSocketImpl.connect0(Native Method)
		at java.net.DualStackPlainSocketImpl.socketConnect(DualStackPlainSocketImpl.java:79)
		at java.net.AbstractPlainSocketImpl.doConnect(AbstractPlainSocketImpl.java:350)
		at java.net.AbstractPlainSocketImpl.connectToAddress(AbstractPlainSocketImpl.java:206)
		at java.net.AbstractPlainSocketImpl.connect(AbstractPlainSocketImpl.java:188)
		at java.net.PlainSocketImpl.connect(PlainSocketImpl.java:172)
		at java.net.SocksSocketImpl.connect(SocksSocketImpl.java:392)
		at java.net.Socket.connect(Socket.java:589)
		at java.net.Socket.connect(Socket.java:538)
		at java.net.Socket.<init>(Socket.java:434)
		at java.net.Socket.<init>(Socket.java:211)
		at org.apache.catalina.startup.Catalina.stopServer(Catalina.java:513)
		at sun.reflect.NativeMethodAccessorImpl.invoke0(Native Method)
		at sun.reflect.NativeMethodAccessorImpl.invoke(NativeMethodAccessorImpl.java:62)
		at sun.reflect.DelegatingMethodAccessorImpl.invoke(DelegatingMethodAccessorImpl.java:43)
		at java.lang.reflect.Method.invoke(Method.java:498)
		at org.apache.catalina.startup.Bootstrap.stopServer(Bootstrap.java:390)
		at org.apache.catalina.startup.Bootstrap.main(Bootstrap.java:480)
20-Jul-2020 23:41:15.599 資訊 [main] org.apache.catalina.startup.VersionLoggerListener.log Server version name:   Apache Tomcat/9.0.22
20-Jul-2020 23:41:15.602 資訊 [main] org.apache.catalina.startup.VersionLoggerListener.log Server built:          Jul 4 2019 14:20:06 UTC
20-Jul-2020 23:41:15.602 資訊 [main] org.apache.catalina.startup.VersionLoggerListener.log Server version number: 9.0.22.0
20-Jul-2020 23:41:15.603 資訊 [main] org.apache.catalina.startup.VersionLoggerListener.log OS Name:               Windows 10
20-Jul-2020 23:41:15.603 資訊 [main] org.apache.catalina.startup.VersionLoggerListener.log OS Version:            10.0
20-Jul-2020 23:41:15.603 資訊 [main] org.apache.catalina.startup.VersionLoggerListener.log Architecture:          amd64
20-Jul-2020 23:41:15.603 資訊 [main] org.apache.catalina.startup.VersionLoggerListener.log Java Home:             C:\Program Files\Java\jdk1.8.0_211\jre
20-Jul-2020 23:41:15.603 資訊 [main] org.apache.catalina.startup.VersionLoggerListener.log JVM Version:           1.8.0_211-b12
20-Jul-2020 23:41:15.603 資訊 [main] org.apache.catalina.startup.VersionLoggerListener.log JVM Vendor:            Oracle Corporation
20-Jul-2020 23:41:15.603 資訊 [main] org.apache.catalina.startup.VersionLoggerListener.log CATALINA_BASE:         D:\GitHub\Eat_Every_Day\apache-tomcat-9.0.22
20-Jul-2020 23:41:15.604 資訊 [main] org.apache.catalina.startup.VersionLoggerListener.log CATALINA_HOME:         D:\GitHub\Eat_Every_Day\apache-tomcat-9.0.22
20-Jul-2020 23:41:15.604 資訊 [main] org.apache.catalina.startup.VersionLoggerListener.log Command line argument: -Djava.util.logging.config.file=D:\GitHub\Eat_Every_Day\apache-tomcat-9.0.22\conf\logging.properties
20-Jul-2020 23:41:15.604 資訊 [main] org.apache.catalina.startup.VersionLoggerListener.log Command line argument: -Djava.util.logging.manager=org.apache.juli.ClassLoaderLogManager
20-Jul-2020 23:41:15.604 資訊 [main] org.apache.catalina.startup.VersionLoggerListener.log Command line argument: -Djdk.tls.ephemeralDHKeySize=2048
20-Jul-2020 23:41:15.604 資訊 [main] org.apache.catalina.startup.VersionLoggerListener.log Command line argument: -Djava.protocol.handler.pkgs=org.apache.catalina.webresources
20-Jul-2020 23:41:15.604 資訊 [main] org.apache.catalina.startup.VersionLoggerListener.log Command line argument: -Dignore.endorsed.dirs=
20-Jul-2020 23:41:15.605 資訊 [main] org.apache.catalina.startup.VersionLoggerListener.log Command line argument: -Dcatalina.base=D:\GitHub\Eat_Every_Day\apache-tomcat-9.0.22
20-Jul-2020 23:41:15.608 資訊 [main] org.apache.catalina.startup.VersionLoggerListener.log Command line argument: -Dcatalina.home=D:\GitHub\Eat_Every_Day\apache-tomcat-9.0.22
20-Jul-2020 23:41:15.608 資訊 [main] org.apache.catalina.startup.VersionLoggerListener.log Command line argument: -Djava.io.tmpdir=D:\GitHub\Eat_Every_Day\apache-tomcat-9.0.22\temp
20-Jul-2020 23:41:15.608 資訊 [main] org.apache.catalina.core.AprLifecycleListener.lifecycleEvent The APR based Apache Tomcat Native library which allows optimal performance in production environments was not found on the java.library.path: [C:\Program Files\Java\jdk1.8.0_211\bin;C:\WINDOWS\Sun\Java\bin;C:\WINDOWS\system32;C:\WINDOWS;C:\Program Files\NVIDIA GPU Computing Toolkit\CUDA\v9.2\bin;C:\Program Files\NVIDIA GPU Computing Toolkit\CUDA\v9.2\libnvvp;C:\WINDOWS\system32;C:\WINDOWS;C:\WINDOWS\System32\Wbem;C:\WINDOWS\System32\WindowsPowerShell\v1.0\;C:\WINDOWS\System32\OpenSSH\;C:\Users\Bryan\.dnx\bin;C:\Program Files\Microsoft DNX\Dnvm\;C:\Program Files (x86)\Windows Kits\8.1\Windows Performance Toolkit\;C:\Program Files\Microsoft SQL Server\130\Tools\Binn\;C:\Program Files\Git\cmd;C:\Program Files (x86)\NVIDIA Corporation\PhysX\Common;C:\cudnn-9.2-windows10-x64-v7.2.1.38\cuda\bin;D:\dev\CGAL-4.11_build\bin;D:\Downloads\Tesseract-OCR;C:\Program Files\NVIDIA Corporation\NVIDIA NvDLISR;C:\Program Files\Java\jdk1.8.0_211\bin;C:\Program Files\Git LFS;C:\WINDOWS\system32;C:\WINDOWS;C:\WINDOWS\System32\Wbem;C:\WINDOWS\System32\WindowsPowerShell\v1.0\;C:\WINDOWS\System32\OpenSSH\;D:\Software\node-v12.14.0-win-x86;C:\Program Files\JetBrains\IntelliJ IDEA Community Edition 2019.3.1\plugins\maven\lib\maven3\bin;C:\HashiCorp\Vagrant\bin;C:\Program Files\MySQL\MySQL Shell 8.0\bin\;C:\Users\Bryan\AppData\Local\Programs\Microsoft VS Code\bin;C:\Users\Bryan\AppData\Local\GitHubDesktop\bin;.]
20-Jul-2020 23:41:15.826 資訊 [main] org.apache.coyote.AbstractProtocol.init Initializing ProtocolHandler ["http-nio-8080"]
20-Jul-2020 23:41:16.018 資訊 [main] org.apache.coyote.AbstractProtocol.init Initializing ProtocolHandler ["ajp-nio-8011"]
20-Jul-2020 23:41:16.021 資訊 [main] org.apache.catalina.startup.Catalina.load Server initialization in [585] milliseconds
20-Jul-2020 23:41:16.041 資訊 [main] org.apache.catalina.core.StandardService.startInternal Starting service [Catalina]
20-Jul-2020 23:41:16.042 資訊 [main] org.apache.catalina.core.StandardEngine.startInternal Starting Servlet engine: [Apache Tomcat/9.0.22]
20-Jul-2020 23:41:16.049 資訊 [main] org.apache.catalina.startup.HostConfig.deployDirectory Deploying web application directory [D:\GitHub\Eat_Every_Day\apache-tomcat-9.0.22\webapps\docs]
20-Jul-2020 23:41:16.238 資訊 [main] org.apache.catalina.startup.HostConfig.deployDirectory Deployment of web application directory [D:\GitHub\Eat_Every_Day\apache-tomcat-9.0.22\webapps\docs] has finished in [188] ms
20-Jul-2020 23:41:16.239 資訊 [main] org.apache.catalina.startup.HostConfig.deployDirectory Deploying web application directory [D:\GitHub\Eat_Every_Day\apache-tomcat-9.0.22\webapps\examples]
20-Jul-2020 23:41:16.503 資訊 [main] org.apache.catalina.startup.HostConfig.deployDirectory Deployment of web application directory [D:\GitHub\Eat_Every_Day\apache-tomcat-9.0.22\webapps\examples] has finished in [264] ms
20-Jul-2020 23:41:16.504 資訊 [main] org.apache.catalina.startup.HostConfig.deployDirectory Deploying web application directory [D:\GitHub\Eat_Every_Day\apache-tomcat-9.0.22\webapps\foodie-shop]
20-Jul-2020 23:41:16.525 資訊 [main] org.apache.catalina.startup.HostConfig.deployDirectory Deployment of web application directory [D:\GitHub\Eat_Every_Day\apache-tomcat-9.0.22\webapps\foodie-shop] has finished in [21] ms
20-Jul-2020 23:41:16.526 資訊 [main] org.apache.catalina.startup.HostConfig.deployDirectory Deploying web application directory [D:\GitHub\Eat_Every_Day\apache-tomcat-9.0.22\webapps\host-manager]
20-Jul-2020 23:41:16.552 資訊 [main] org.apache.catalina.startup.HostConfig.deployDirectory Deployment of web application directory [D:\GitHub\Eat_Every_Day\apache-tomcat-9.0.22\webapps\host-manager] has finished in [26] ms
20-Jul-2020 23:41:16.552 資訊 [main] org.apache.catalina.startup.HostConfig.deployDirectory Deploying web application directory [D:\GitHub\Eat_Every_Day\apache-tomcat-9.0.22\webapps\manager]
20-Jul-2020 23:41:16.578 資訊 [main] org.apache.catalina.startup.HostConfig.deployDirectory Deployment of web application directory [D:\GitHub\Eat_Every_Day\apache-tomcat-9.0.22\webapps\manager] has finished in [26] ms
20-Jul-2020 23:41:16.580 資訊 [main] org.apache.catalina.startup.HostConfig.deployDirectory Deploying web application directory [D:\GitHub\Eat_Every_Day\apache-tomcat-9.0.22\webapps\ROOT]
20-Jul-2020 23:41:16.598 資訊 [main] org.apache.catalina.startup.HostConfig.deployDirectory Deployment of web application directory [D:\GitHub\Eat_Every_Day\apache-tomcat-9.0.22\webapps\ROOT] has finished in [18] ms
20-Jul-2020 23:41:16.601 資訊 [main] org.apache.coyote.AbstractProtocol.start Starting ProtocolHandler ["http-nio-8080"]
20-Jul-2020 23:41:16.609 資訊 [main] org.apache.coyote.AbstractProtocol.start Starting ProtocolHandler ["ajp-nio-8011"]
20-Jul-2020 23:41:16.611 資訊 [main] org.apache.catalina.startup.Catalina.start Server startup in [589] milliseconds
