23-Jul-2020 00:09:28.311 資訊 [main] org.apache.catalina.core.StandardServer.await A valid shutdown command was received via the shutdown port. Stopping the Server instance.
23-Jul-2020 00:09:28.330 資訊 [main] org.apache.coyote.AbstractProtocol.pause Pausing ProtocolHandler ["http-nio-8080"]
23-Jul-2020 00:09:28.472 資訊 [main] org.apache.coyote.AbstractProtocol.pause Pausing ProtocolHandler ["ajp-nio-8011"]
23-Jul-2020 00:09:28.598 資訊 [main] org.apache.catalina.core.StandardService.stopInternal Stopping service [Catalina]
23-Jul-2020 00:09:28.678 資訊 [main] org.apache.coyote.AbstractProtocol.stop Stopping ProtocolHandler ["http-nio-8080"]
23-Jul-2020 00:09:28.685 資訊 [main] org.apache.coyote.AbstractProtocol.stop Stopping ProtocolHandler ["ajp-nio-8011"]
23-Jul-2020 00:09:28.690 資訊 [main] org.apache.coyote.AbstractProtocol.destroy Destroying ProtocolHandler ["http-nio-8080"]
23-Jul-2020 00:09:28.692 資訊 [main] org.apache.coyote.AbstractProtocol.destroy Destroying ProtocolHandler ["ajp-nio-8011"]
23-Jul-2020 00:09:30.819 資訊 [main] org.apache.catalina.startup.VersionLoggerListener.log Server version name:   Apache Tomcat/9.0.22
23-Jul-2020 00:09:30.824 資訊 [main] org.apache.catalina.startup.VersionLoggerListener.log Server built:          Jul 4 2019 14:20:06 UTC
23-Jul-2020 00:09:30.824 資訊 [main] org.apache.catalina.startup.VersionLoggerListener.log Server version number: 9.0.22.0
23-Jul-2020 00:09:30.824 資訊 [main] org.apache.catalina.startup.VersionLoggerListener.log OS Name:               Windows 10
23-Jul-2020 00:09:30.824 資訊 [main] org.apache.catalina.startup.VersionLoggerListener.log OS Version:            10.0
23-Jul-2020 00:09:30.825 資訊 [main] org.apache.catalina.startup.VersionLoggerListener.log Architecture:          amd64
23-Jul-2020 00:09:30.825 資訊 [main] org.apache.catalina.startup.VersionLoggerListener.log Java Home:             C:\Program Files\Java\jdk1.8.0_211\jre
23-Jul-2020 00:09:30.825 資訊 [main] org.apache.catalina.startup.VersionLoggerListener.log JVM Version:           1.8.0_211-b12
23-Jul-2020 00:09:30.825 資訊 [main] org.apache.catalina.startup.VersionLoggerListener.log JVM Vendor:            Oracle Corporation
23-Jul-2020 00:09:30.826 資訊 [main] org.apache.catalina.startup.VersionLoggerListener.log CATALINA_BASE:         D:\GitHub\Eat_Every_Day\apache-tomcat-9.0.22
23-Jul-2020 00:09:30.826 資訊 [main] org.apache.catalina.startup.VersionLoggerListener.log CATALINA_HOME:         D:\GitHub\Eat_Every_Day\apache-tomcat-9.0.22
23-Jul-2020 00:09:30.826 資訊 [main] org.apache.catalina.startup.VersionLoggerListener.log Command line argument: -Djava.util.logging.config.file=D:\GitHub\Eat_Every_Day\apache-tomcat-9.0.22\conf\logging.properties
23-Jul-2020 00:09:30.827 資訊 [main] org.apache.catalina.startup.VersionLoggerListener.log Command line argument: -Djava.util.logging.manager=org.apache.juli.ClassLoaderLogManager
23-Jul-2020 00:09:30.827 資訊 [main] org.apache.catalina.startup.VersionLoggerListener.log Command line argument: -Djdk.tls.ephemeralDHKeySize=2048
23-Jul-2020 00:09:30.827 資訊 [main] org.apache.catalina.startup.VersionLoggerListener.log Command line argument: -Djava.protocol.handler.pkgs=org.apache.catalina.webresources
23-Jul-2020 00:09:30.827 資訊 [main] org.apache.catalina.startup.VersionLoggerListener.log Command line argument: -Dignore.endorsed.dirs=
23-Jul-2020 00:09:30.828 資訊 [main] org.apache.catalina.startup.VersionLoggerListener.log Command line argument: -Dcatalina.base=D:\GitHub\Eat_Every_Day\apache-tomcat-9.0.22
23-Jul-2020 00:09:30.831 資訊 [main] org.apache.catalina.startup.VersionLoggerListener.log Command line argument: -Dcatalina.home=D:\GitHub\Eat_Every_Day\apache-tomcat-9.0.22
23-Jul-2020 00:09:30.832 資訊 [main] org.apache.catalina.startup.VersionLoggerListener.log Command line argument: -Djava.io.tmpdir=D:\GitHub\Eat_Every_Day\apache-tomcat-9.0.22\temp
23-Jul-2020 00:09:30.832 資訊 [main] org.apache.catalina.core.AprLifecycleListener.lifecycleEvent The APR based Apache Tomcat Native library which allows optimal performance in production environments was not found on the java.library.path: [C:\Program Files\Java\jdk1.8.0_211\bin;C:\WINDOWS\Sun\Java\bin;C:\WINDOWS\system32;C:\WINDOWS;C:\Program Files\NVIDIA GPU Computing Toolkit\CUDA\v9.2\bin;C:\Program Files\NVIDIA GPU Computing Toolkit\CUDA\v9.2\libnvvp;C:\WINDOWS\system32;C:\WINDOWS;C:\WINDOWS\System32\Wbem;C:\WINDOWS\System32\WindowsPowerShell\v1.0\;C:\WINDOWS\System32\OpenSSH\;C:\Users\Bryan\.dnx\bin;C:\Program Files\Microsoft DNX\Dnvm\;C:\Program Files (x86)\Windows Kits\8.1\Windows Performance Toolkit\;C:\Program Files\Microsoft SQL Server\130\Tools\Binn\;C:\Program Files\Git\cmd;C:\Program Files (x86)\NVIDIA Corporation\PhysX\Common;C:\cudnn-9.2-windows10-x64-v7.2.1.38\cuda\bin;D:\dev\CGAL-4.11_build\bin;D:\Downloads\Tesseract-OCR;C:\Program Files\NVIDIA Corporation\NVIDIA NvDLISR;C:\Program Files\Java\jdk1.8.0_211\bin;C:\Program Files\Git LFS;C:\WINDOWS\system32;C:\WINDOWS;C:\WINDOWS\System32\Wbem;C:\WINDOWS\System32\WindowsPowerShell\v1.0\;C:\WINDOWS\System32\OpenSSH\;D:\Software\node-v12.14.0-win-x86;C:\Program Files\JetBrains\IntelliJ IDEA Community Edition 2019.3.1\plugins\maven\lib\maven3\bin;C:\HashiCorp\Vagrant\bin;C:\Program Files\MySQL\MySQL Shell 8.0\bin\;C:\Users\Bryan\AppData\Local\Programs\Microsoft VS Code\bin;C:\Users\Bryan\AppData\Local\GitHubDesktop\bin;.]
23-Jul-2020 00:09:31.128 資訊 [main] org.apache.coyote.AbstractProtocol.init Initializing ProtocolHandler ["http-nio-8080"]
23-Jul-2020 00:09:31.290 資訊 [main] org.apache.coyote.AbstractProtocol.init Initializing ProtocolHandler ["ajp-nio-8011"]
23-Jul-2020 00:09:31.294 資訊 [main] org.apache.catalina.startup.Catalina.load Server initialization in [728] milliseconds
23-Jul-2020 00:09:31.324 資訊 [main] org.apache.catalina.core.StandardService.startInternal Starting service [Catalina]
23-Jul-2020 00:09:31.325 資訊 [main] org.apache.catalina.core.StandardEngine.startInternal Starting Servlet engine: [Apache Tomcat/9.0.22]
23-Jul-2020 00:09:31.333 資訊 [main] org.apache.catalina.startup.HostConfig.deployDirectory Deploying web application directory [D:\GitHub\Eat_Every_Day\apache-tomcat-9.0.22\webapps\docs]
23-Jul-2020 00:09:31.565 資訊 [main] org.apache.catalina.startup.HostConfig.deployDirectory Deployment of web application directory [D:\GitHub\Eat_Every_Day\apache-tomcat-9.0.22\webapps\docs] has finished in [233] ms
23-Jul-2020 00:09:31.566 資訊 [main] org.apache.catalina.startup.HostConfig.deployDirectory Deploying web application directory [D:\GitHub\Eat_Every_Day\apache-tomcat-9.0.22\webapps\examples]
23-Jul-2020 00:09:32.169 資訊 [main] org.apache.catalina.startup.HostConfig.deployDirectory Deployment of web application directory [D:\GitHub\Eat_Every_Day\apache-tomcat-9.0.22\webapps\examples] has finished in [602] ms
23-Jul-2020 00:09:32.169 資訊 [main] org.apache.catalina.startup.HostConfig.deployDirectory Deploying web application directory [D:\GitHub\Eat_Every_Day\apache-tomcat-9.0.22\webapps\foodie-shop]
23-Jul-2020 00:09:32.188 資訊 [main] org.apache.catalina.startup.HostConfig.deployDirectory Deployment of web application directory [D:\GitHub\Eat_Every_Day\apache-tomcat-9.0.22\webapps\foodie-shop] has finished in [19] ms
23-Jul-2020 00:09:32.188 資訊 [main] org.apache.catalina.startup.HostConfig.deployDirectory Deploying web application directory [D:\GitHub\Eat_Every_Day\apache-tomcat-9.0.22\webapps\host-manager]
23-Jul-2020 00:09:32.219 資訊 [main] org.apache.catalina.startup.HostConfig.deployDirectory Deployment of web application directory [D:\GitHub\Eat_Every_Day\apache-tomcat-9.0.22\webapps\host-manager] has finished in [31] ms
23-Jul-2020 00:09:32.219 資訊 [main] org.apache.catalina.startup.HostConfig.deployDirectory Deploying web application directory [D:\GitHub\Eat_Every_Day\apache-tomcat-9.0.22\webapps\manager]
23-Jul-2020 00:09:32.239 資訊 [main] org.apache.catalina.startup.HostConfig.deployDirectory Deployment of web application directory [D:\GitHub\Eat_Every_Day\apache-tomcat-9.0.22\webapps\manager] has finished in [20] ms
23-Jul-2020 00:09:32.239 資訊 [main] org.apache.catalina.startup.HostConfig.deployDirectory Deploying web application directory [D:\GitHub\Eat_Every_Day\apache-tomcat-9.0.22\webapps\ROOT]
23-Jul-2020 00:09:32.261 資訊 [main] org.apache.catalina.startup.HostConfig.deployDirectory Deployment of web application directory [D:\GitHub\Eat_Every_Day\apache-tomcat-9.0.22\webapps\ROOT] has finished in [22] ms
23-Jul-2020 00:09:32.265 資訊 [main] org.apache.coyote.AbstractProtocol.start Starting ProtocolHandler ["http-nio-8080"]
23-Jul-2020 00:09:32.273 資訊 [main] org.apache.coyote.AbstractProtocol.start Starting ProtocolHandler ["ajp-nio-8011"]
23-Jul-2020 00:09:32.275 資訊 [main] org.apache.catalina.startup.Catalina.start Server startup in [980] milliseconds
23-Jul-2020 23:48:19.383 嚴重 [main] org.apache.catalina.startup.Catalina.stopServer Could not contact [localhost:8005] (base port [8005] and offset [0]). Tomcat may not be running.
23-Jul-2020 23:48:20.954 資訊 [main] org.apache.catalina.startup.VersionLoggerListener.log Server version name:   Apache Tomcat/9.0.22
23-Jul-2020 23:48:20.957 資訊 [main] org.apache.catalina.startup.VersionLoggerListener.log Server built:          Jul 4 2019 14:20:06 UTC
23-Jul-2020 23:48:20.958 資訊 [main] org.apache.catalina.startup.VersionLoggerListener.log Server version number: 9.0.22.0
23-Jul-2020 23:48:20.958 資訊 [main] org.apache.catalina.startup.VersionLoggerListener.log OS Name:               Windows 10
23-Jul-2020 23:48:20.958 資訊 [main] org.apache.catalina.startup.VersionLoggerListener.log OS Version:            10.0
23-Jul-2020 23:48:20.958 資訊 [main] org.apache.catalina.startup.VersionLoggerListener.log Architecture:          amd64
23-Jul-2020 23:48:20.958 資訊 [main] org.apache.catalina.startup.VersionLoggerListener.log Java Home:             C:\Program Files\Java\jdk1.8.0_211\jre
23-Jul-2020 23:48:20.959 資訊 [main] org.apache.catalina.startup.VersionLoggerListener.log JVM Version:           1.8.0_211-b12
23-Jul-2020 23:48:20.959 資訊 [main] org.apache.catalina.startup.VersionLoggerListener.log JVM Vendor:            Oracle Corporation
23-Jul-2020 23:48:20.959 資訊 [main] org.apache.catalina.startup.VersionLoggerListener.log CATALINA_BASE:         D:\GitHub\Eat_Every_Day\apache-tomcat-9.0.22
23-Jul-2020 23:48:20.959 資訊 [main] org.apache.catalina.startup.VersionLoggerListener.log CATALINA_HOME:         D:\GitHub\Eat_Every_Day\apache-tomcat-9.0.22
23-Jul-2020 23:48:20.959 資訊 [main] org.apache.catalina.startup.VersionLoggerListener.log Command line argument: -Djava.util.logging.config.file=D:\GitHub\Eat_Every_Day\apache-tomcat-9.0.22\conf\logging.properties
23-Jul-2020 23:48:20.960 資訊 [main] org.apache.catalina.startup.VersionLoggerListener.log Command line argument: -Djava.util.logging.manager=org.apache.juli.ClassLoaderLogManager
23-Jul-2020 23:48:20.960 資訊 [main] org.apache.catalina.startup.VersionLoggerListener.log Command line argument: -Djdk.tls.ephemeralDHKeySize=2048
23-Jul-2020 23:48:20.960 資訊 [main] org.apache.catalina.startup.VersionLoggerListener.log Command line argument: -Djava.protocol.handler.pkgs=org.apache.catalina.webresources
23-Jul-2020 23:48:20.960 資訊 [main] org.apache.catalina.startup.VersionLoggerListener.log Command line argument: -Dignore.endorsed.dirs=
23-Jul-2020 23:48:20.961 資訊 [main] org.apache.catalina.startup.VersionLoggerListener.log Command line argument: -Dcatalina.base=D:\GitHub\Eat_Every_Day\apache-tomcat-9.0.22
23-Jul-2020 23:48:20.964 資訊 [main] org.apache.catalina.startup.VersionLoggerListener.log Command line argument: -Dcatalina.home=D:\GitHub\Eat_Every_Day\apache-tomcat-9.0.22
23-Jul-2020 23:48:20.964 資訊 [main] org.apache.catalina.startup.VersionLoggerListener.log Command line argument: -Djava.io.tmpdir=D:\GitHub\Eat_Every_Day\apache-tomcat-9.0.22\temp
23-Jul-2020 23:48:20.965 資訊 [main] org.apache.catalina.core.AprLifecycleListener.lifecycleEvent The APR based Apache Tomcat Native library which allows optimal performance in production environments was not found on the java.library.path: [C:\Program Files\Java\jdk1.8.0_211\bin;C:\WINDOWS\Sun\Java\bin;C:\WINDOWS\system32;C:\WINDOWS;C:\Program Files\NVIDIA GPU Computing Toolkit\CUDA\v9.2\bin;C:\Program Files\NVIDIA GPU Computing Toolkit\CUDA\v9.2\libnvvp;C:\WINDOWS\system32;C:\WINDOWS;C:\WINDOWS\System32\Wbem;C:\WINDOWS\System32\WindowsPowerShell\v1.0\;C:\WINDOWS\System32\OpenSSH\;C:\Users\Bryan\.dnx\bin;C:\Program Files\Microsoft DNX\Dnvm\;C:\Program Files (x86)\Windows Kits\8.1\Windows Performance Toolkit\;C:\Program Files\Microsoft SQL Server\130\Tools\Binn\;C:\Program Files\Git\cmd;C:\Program Files (x86)\NVIDIA Corporation\PhysX\Common;C:\cudnn-9.2-windows10-x64-v7.2.1.38\cuda\bin;D:\dev\CGAL-4.11_build\bin;D:\Downloads\Tesseract-OCR;C:\Program Files\NVIDIA Corporation\NVIDIA NvDLISR;C:\Program Files\Java\jdk1.8.0_211\bin;C:\Program Files\Git LFS;C:\WINDOWS\system32;C:\WINDOWS;C:\WINDOWS\System32\Wbem;C:\WINDOWS\System32\WindowsPowerShell\v1.0\;C:\WINDOWS\System32\OpenSSH\;D:\Software\node-v12.14.0-win-x86;C:\Program Files\JetBrains\IntelliJ IDEA Community Edition 2019.3.1\plugins\maven\lib\maven3\bin;C:\HashiCorp\Vagrant\bin;C:\Program Files\MySQL\MySQL Shell 8.0\bin\;C:\Users\Bryan\AppData\Local\Programs\Microsoft VS Code\bin;C:\Users\Bryan\AppData\Local\GitHubDesktop\bin;.]
23-Jul-2020 23:48:21.305 資訊 [main] org.apache.coyote.AbstractProtocol.init Initializing ProtocolHandler ["http-nio-8080"]
23-Jul-2020 23:48:21.462 資訊 [main] org.apache.coyote.AbstractProtocol.init Initializing ProtocolHandler ["ajp-nio-8011"]
23-Jul-2020 23:48:21.466 資訊 [main] org.apache.catalina.startup.Catalina.load Server initialization in [706] milliseconds
23-Jul-2020 23:48:21.498 資訊 [main] org.apache.catalina.core.StandardService.startInternal Starting service [Catalina]
23-Jul-2020 23:48:21.498 資訊 [main] org.apache.catalina.core.StandardEngine.startInternal Starting Servlet engine: [Apache Tomcat/9.0.22]
23-Jul-2020 23:48:21.506 資訊 [main] org.apache.catalina.startup.HostConfig.deployDirectory Deploying web application directory [D:\GitHub\Eat_Every_Day\apache-tomcat-9.0.22\webapps\docs]
23-Jul-2020 23:48:21.779 資訊 [main] org.apache.catalina.startup.HostConfig.deployDirectory Deployment of web application directory [D:\GitHub\Eat_Every_Day\apache-tomcat-9.0.22\webapps\docs] has finished in [272] ms
23-Jul-2020 23:48:21.779 資訊 [main] org.apache.catalina.startup.HostConfig.deployDirectory Deploying web application directory [D:\GitHub\Eat_Every_Day\apache-tomcat-9.0.22\webapps\examples]
23-Jul-2020 23:48:22.316 資訊 [main] org.apache.catalina.startup.HostConfig.deployDirectory Deployment of web application directory [D:\GitHub\Eat_Every_Day\apache-tomcat-9.0.22\webapps\examples] has finished in [536] ms
23-Jul-2020 23:48:22.316 資訊 [main] org.apache.catalina.startup.HostConfig.deployDirectory Deploying web application directory [D:\GitHub\Eat_Every_Day\apache-tomcat-9.0.22\webapps\foodie-shop]
23-Jul-2020 23:48:22.337 資訊 [main] org.apache.catalina.startup.HostConfig.deployDirectory Deployment of web application directory [D:\GitHub\Eat_Every_Day\apache-tomcat-9.0.22\webapps\foodie-shop] has finished in [20] ms
23-Jul-2020 23:48:22.337 資訊 [main] org.apache.catalina.startup.HostConfig.deployDirectory Deploying web application directory [D:\GitHub\Eat_Every_Day\apache-tomcat-9.0.22\webapps\host-manager]
23-Jul-2020 23:48:22.377 資訊 [main] org.apache.catalina.startup.HostConfig.deployDirectory Deployment of web application directory [D:\GitHub\Eat_Every_Day\apache-tomcat-9.0.22\webapps\host-manager] has finished in [40] ms
23-Jul-2020 23:48:22.378 資訊 [main] org.apache.catalina.startup.HostConfig.deployDirectory Deploying web application directory [D:\GitHub\Eat_Every_Day\apache-tomcat-9.0.22\webapps\manager]
23-Jul-2020 23:48:22.399 資訊 [main] org.apache.catalina.startup.HostConfig.deployDirectory Deployment of web application directory [D:\GitHub\Eat_Every_Day\apache-tomcat-9.0.22\webapps\manager] has finished in [20] ms
23-Jul-2020 23:48:22.399 資訊 [main] org.apache.catalina.startup.HostConfig.deployDirectory Deploying web application directory [D:\GitHub\Eat_Every_Day\apache-tomcat-9.0.22\webapps\ROOT]
23-Jul-2020 23:48:22.419 資訊 [main] org.apache.catalina.startup.HostConfig.deployDirectory Deployment of web application directory [D:\GitHub\Eat_Every_Day\apache-tomcat-9.0.22\webapps\ROOT] has finished in [20] ms
23-Jul-2020 23:48:22.424 資訊 [main] org.apache.coyote.AbstractProtocol.start Starting ProtocolHandler ["http-nio-8080"]
23-Jul-2020 23:48:22.432 資訊 [main] org.apache.coyote.AbstractProtocol.start Starting ProtocolHandler ["ajp-nio-8011"]
23-Jul-2020 23:48:22.434 資訊 [main] org.apache.catalina.startup.Catalina.start Server startup in [967] milliseconds
