17-Aug-2020 23:34:08.136 資訊 [main] org.apache.catalina.startup.VersionLoggerListener.log Server version name:   Apache Tomcat/9.0.22
17-Aug-2020 23:34:08.142 資訊 [main] org.apache.catalina.startup.VersionLoggerListener.log Server built:          Jul 4 2019 14:20:06 UTC
17-Aug-2020 23:34:08.145 資訊 [main] org.apache.catalina.startup.VersionLoggerListener.log Server version number: 9.0.22.0
17-Aug-2020 23:34:08.145 資訊 [main] org.apache.catalina.startup.VersionLoggerListener.log OS Name:               Windows 10
17-Aug-2020 23:34:08.145 資訊 [main] org.apache.catalina.startup.VersionLoggerListener.log OS Version:            10.0
17-Aug-2020 23:34:08.145 資訊 [main] org.apache.catalina.startup.VersionLoggerListener.log Architecture:          amd64
17-Aug-2020 23:34:08.145 資訊 [main] org.apache.catalina.startup.VersionLoggerListener.log Java Home:             C:\Program Files\Java\jdk1.8.0_211\jre
17-Aug-2020 23:34:08.146 資訊 [main] org.apache.catalina.startup.VersionLoggerListener.log JVM Version:           1.8.0_211-b12
17-Aug-2020 23:34:08.146 資訊 [main] org.apache.catalina.startup.VersionLoggerListener.log JVM Vendor:            Oracle Corporation
17-Aug-2020 23:34:08.146 資訊 [main] org.apache.catalina.startup.VersionLoggerListener.log CATALINA_BASE:         D:\GitHub\Eat_Every_Day\apache-tomcat-9.0.22
17-Aug-2020 23:34:08.146 資訊 [main] org.apache.catalina.startup.VersionLoggerListener.log CATALINA_HOME:         D:\GitHub\Eat_Every_Day\apache-tomcat-9.0.22
17-Aug-2020 23:34:08.147 資訊 [main] org.apache.catalina.startup.VersionLoggerListener.log Command line argument: -Djava.util.logging.config.file=D:\GitHub\Eat_Every_Day\apache-tomcat-9.0.22\conf\logging.properties
17-Aug-2020 23:34:08.147 資訊 [main] org.apache.catalina.startup.VersionLoggerListener.log Command line argument: -Djava.util.logging.manager=org.apache.juli.ClassLoaderLogManager
17-Aug-2020 23:34:08.147 資訊 [main] org.apache.catalina.startup.VersionLoggerListener.log Command line argument: -Djdk.tls.ephemeralDHKeySize=2048
17-Aug-2020 23:34:08.147 資訊 [main] org.apache.catalina.startup.VersionLoggerListener.log Command line argument: -Djava.protocol.handler.pkgs=org.apache.catalina.webresources
17-Aug-2020 23:34:08.148 資訊 [main] org.apache.catalina.startup.VersionLoggerListener.log Command line argument: -Dignore.endorsed.dirs=
17-Aug-2020 23:34:08.148 資訊 [main] org.apache.catalina.startup.VersionLoggerListener.log Command line argument: -Dcatalina.base=D:\GitHub\Eat_Every_Day\apache-tomcat-9.0.22
17-Aug-2020 23:34:08.151 資訊 [main] org.apache.catalina.startup.VersionLoggerListener.log Command line argument: -Dcatalina.home=D:\GitHub\Eat_Every_Day\apache-tomcat-9.0.22
17-Aug-2020 23:34:08.151 資訊 [main] org.apache.catalina.startup.VersionLoggerListener.log Command line argument: -Djava.io.tmpdir=D:\GitHub\Eat_Every_Day\apache-tomcat-9.0.22\temp
17-Aug-2020 23:34:08.152 資訊 [main] org.apache.catalina.core.AprLifecycleListener.lifecycleEvent The APR based Apache Tomcat Native library which allows optimal performance in production environments was not found on the java.library.path: [C:\Program Files\Java\jdk1.8.0_211\bin;C:\WINDOWS\Sun\Java\bin;C:\WINDOWS\system32;C:\WINDOWS;C:\Program Files\NVIDIA GPU Computing Toolkit\CUDA\v9.2\bin;C:\Program Files\NVIDIA GPU Computing Toolkit\CUDA\v9.2\libnvvp;C:\WINDOWS\system32;C:\WINDOWS;C:\WINDOWS\System32\Wbem;C:\WINDOWS\System32\WindowsPowerShell\v1.0\;C:\WINDOWS\System32\OpenSSH\;C:\Users\Bryan\.dnx\bin;C:\Program Files\Microsoft DNX\Dnvm\;C:\Program Files (x86)\Windows Kits\8.1\Windows Performance Toolkit\;C:\Program Files\Microsoft SQL Server\130\Tools\Binn\;C:\Program Files\Git\cmd;C:\Program Files (x86)\NVIDIA Corporation\PhysX\Common;C:\cudnn-9.2-windows10-x64-v7.2.1.38\cuda\bin;D:\dev\CGAL-4.11_build\bin;D:\Downloads\Tesseract-OCR;C:\Program Files\NVIDIA Corporation\NVIDIA NvDLISR;C:\Program Files\Java\jdk1.8.0_211\bin;C:\Program Files\Git LFS;C:\WINDOWS\system32;C:\WINDOWS;C:\WINDOWS\System32\Wbem;C:\WINDOWS\System32\WindowsPowerShell\v1.0\;C:\WINDOWS\System32\OpenSSH\;D:\Software\node-v12.14.0-win-x86;C:\Program Files\JetBrains\IntelliJ IDEA Community Edition 2019.3.1\plugins\maven\lib\maven3\bin;C:\HashiCorp\Vagrant\bin;C:\Program Files\MySQL\MySQL Shell 8.0\bin\;C:\Users\Bryan\AppData\Local\Programs\Microsoft VS Code\bin;C:\Users\Bryan\AppData\Local\GitHubDesktop\bin;%USERPROFILE%\AppData\Local\Microsoft\WindowsApps;;.]
17-Aug-2020 23:34:08.579 資訊 [main] org.apache.coyote.AbstractProtocol.init Initializing ProtocolHandler ["http-nio-8080"]
17-Aug-2020 23:34:08.759 資訊 [main] org.apache.coyote.AbstractProtocol.init Initializing ProtocolHandler ["ajp-nio-8011"]
17-Aug-2020 23:34:08.763 資訊 [main] org.apache.catalina.startup.Catalina.load Server initialization in [911] milliseconds
17-Aug-2020 23:34:08.799 資訊 [main] org.apache.catalina.core.StandardService.startInternal Starting service [Catalina]
17-Aug-2020 23:34:08.799 資訊 [main] org.apache.catalina.core.StandardEngine.startInternal Starting Servlet engine: [Apache Tomcat/9.0.22]
17-Aug-2020 23:34:08.819 資訊 [main] org.apache.catalina.startup.HostConfig.deployDirectory Deploying web application directory [D:\GitHub\Eat_Every_Day\apache-tomcat-9.0.22\webapps\docs]
17-Aug-2020 23:34:09.145 資訊 [main] org.apache.catalina.startup.HostConfig.deployDirectory Deployment of web application directory [D:\GitHub\Eat_Every_Day\apache-tomcat-9.0.22\webapps\docs] has finished in [326] ms
17-Aug-2020 23:34:09.146 資訊 [main] org.apache.catalina.startup.HostConfig.deployDirectory Deploying web application directory [D:\GitHub\Eat_Every_Day\apache-tomcat-9.0.22\webapps\examples]
17-Aug-2020 23:34:09.681 資訊 [main] org.apache.catalina.startup.HostConfig.deployDirectory Deployment of web application directory [D:\GitHub\Eat_Every_Day\apache-tomcat-9.0.22\webapps\examples] has finished in [535] ms
17-Aug-2020 23:34:09.681 資訊 [main] org.apache.catalina.startup.HostConfig.deployDirectory Deploying web application directory [D:\GitHub\Eat_Every_Day\apache-tomcat-9.0.22\webapps\foodie-shop]
17-Aug-2020 23:34:09.702 資訊 [main] org.apache.catalina.startup.HostConfig.deployDirectory Deployment of web application directory [D:\GitHub\Eat_Every_Day\apache-tomcat-9.0.22\webapps\foodie-shop] has finished in [21] ms
17-Aug-2020 23:34:09.702 資訊 [main] org.apache.catalina.startup.HostConfig.deployDirectory Deploying web application directory [D:\GitHub\Eat_Every_Day\apache-tomcat-9.0.22\webapps\host-manager]
17-Aug-2020 23:34:09.755 資訊 [main] org.apache.catalina.startup.HostConfig.deployDirectory Deployment of web application directory [D:\GitHub\Eat_Every_Day\apache-tomcat-9.0.22\webapps\host-manager] has finished in [53] ms
17-Aug-2020 23:34:09.756 資訊 [main] org.apache.catalina.startup.HostConfig.deployDirectory Deploying web application directory [D:\GitHub\Eat_Every_Day\apache-tomcat-9.0.22\webapps\manager]
17-Aug-2020 23:34:09.797 資訊 [main] org.apache.catalina.startup.HostConfig.deployDirectory Deployment of web application directory [D:\GitHub\Eat_Every_Day\apache-tomcat-9.0.22\webapps\manager] has finished in [41] ms
17-Aug-2020 23:34:09.797 資訊 [main] org.apache.catalina.startup.HostConfig.deployDirectory Deploying web application directory [D:\GitHub\Eat_Every_Day\apache-tomcat-9.0.22\webapps\ROOT]
17-Aug-2020 23:34:09.837 資訊 [main] org.apache.catalina.startup.HostConfig.deployDirectory Deployment of web application directory [D:\GitHub\Eat_Every_Day\apache-tomcat-9.0.22\webapps\ROOT] has finished in [39] ms
17-Aug-2020 23:34:09.841 資訊 [main] org.apache.coyote.AbstractProtocol.start Starting ProtocolHandler ["http-nio-8080"]
17-Aug-2020 23:34:09.850 資訊 [main] org.apache.coyote.AbstractProtocol.start Starting ProtocolHandler ["ajp-nio-8011"]
17-Aug-2020 23:34:09.852 資訊 [main] org.apache.catalina.startup.Catalina.start Server startup in [1,088] milliseconds
